==========================================
Running with N_STARS=1000, FIELD_SIZE_DEG=100
==========================================
Using interpreter: /home1/sleggio/.conda/envs/astrosnr/bin/python3
matplotlib OK: /home1/sleggio/.conda/envs/astrosnr/lib/python3.11/site-packages/matplotlib/__init__.py
Running from: /project2/kmpardo_1034/cphd_snr_sydney/astrometry-toy-model
ell_min=2, ell_max=5406, N_stars=1000
N_pairs = 499500
Computing CP full curve...

Computing HD full curve...
Building matrix-free HD operator...
  N_stars=1000, N_pairs=499500
  r[1/30] = 1.000e-13  (0s elapsed)
  r[2/30] = 3.290e-13  (0s elapsed)
  r[3/30] = 1.083e-12  (0s elapsed)
  r[4/30] = 3.562e-12  (1s elapsed)
  r[5/30] = 1.172e-11  (1s elapsed)
  r[6/30] = 3.857e-11  (1s elapsed)
  r[7/30] = 1.269e-10  (1s elapsed)
  r[8/30] = 4.175e-10  (1s elapsed)
  r[9/30] = 1.374e-09  (2s elapsed)
  r[10/30] = 4.520e-09  (2s elapsed)
  r[11/30] = 1.487e-08  (2s elapsed)
  r[12/30] = 4.894e-08  (2s elapsed)
  r[13/30] = 1.610e-07  (3s elapsed)
  r[14/30] = 5.298e-07  (3s elapsed)
  r[15/30] = 1.743e-06  (3s elapsed)
  r[16/30] = 5.736e-06  (4s elapsed)
  r[17/30] = 1.887e-05  (4s elapsed)
  r[18/30] = 6.210e-05  (5s elapsed)
  r[19/30] = 2.043e-04  (5s elapsed)
  r[20/30] = 6.723e-04  (7s elapsed)
  r[21/30] = 2.212e-03  (10s elapsed)
  r[22/30] = 7.279e-03  (28s elapsed)
  r[23/30] = 2.395e-02  (73s elapsed)
  r[24/30] = 7.880e-02  (431s elapsed)
  r[25/30] = 2.593e-01  (800s elapsed)
  r[26/30] = 8.532e-01  (1101s elapsed)
  r[27/30] = 2.807e+00  (1358s elapsed)
  r[28/30] = 9.237e+00  (1468s elapsed)
  r[29/30] = 3.039e+01  (1564s elapsed)
  r[30/30] = 1.000e+02  (1659s elapsed)

Physical r = P_gw/P_n = 5.857e-11

============================================================
              SNR CURVE DIAGNOSTICS (full matrix)
============================================================

── Common Process (CP) ──
  Weak-signal slope   (r ~ 1e-13 to 1e-11):  +1.000  (expect +1.0)
  Strong-signal slope (r ~ 1e-2  to 1e+1 ):  +0.000  (expect ~0)
  Plateau [analytic]  = 1/gamma0             = 150.7964
  Plateau [numeric ]  = max(rho_CP)          = 150.7964

── Hellings-Downs (HD) — full covariance matrix ──
  Weak-signal slope   (r ~ 1e-13 to 1e-11):  +1.000  (expect +1.0)
  Strong-signal slope (r ~ 1e-2  to 1e+1 ):  +0.022  (expect ~0)
  Plateau [numeric ]  = max(rho_HD)          = 6.7297
============================================================


Figure saved to hd_full_matrix_snr_N1000_FoV100.png
Data saved to hd_full_matrix_snr_N1000_FoV100.npz

Selected output:
         r      rho_CP      rho_HD
  1.00e-13   0.0000   0.0000
  3.86e-11   0.0000   0.0000
  1.49e-08   0.0028   0.0003
  5.74e-06   1.0796   0.1012
  2.21e-03   140.3741   6.7297
  8.53e-01   150.7919   5.5154
Finished (N_STARS=1000, FOV=100).
